#
# There is insufficient memory for the Java Runtime Environment to continue.
# Native memory allocation (malloc) failed to allocate 36960 bytes for Chunk::new
# Possible reasons:
#   The system is out of physical RAM or swap space
#   The process is running with CompressedOops enabled, and the Java Heap may be blocking the growth of the native heap
# Possible solutions:
#   Reduce memory load on the system
#   Increase physical memory or swap space
#   Check if swap backing store is full
#   Decrease Java heap size (-Xmx/-Xms)
#   Decrease number of Java threads
#   Decrease Java thread stack sizes (-Xss)
#   Set larger code cache with -XX:ReservedCodeCacheSize=
#   JVM is running with Unscaled Compressed Oops mode in which the Java heap is
#     placed in the first 4GB address space. The Java Heap base address is the
#     maximum limit for the native heap growth. Please use -XX:HeapBaseMinAddress
#     to set the Java Heap base and to place the Java Heap above 4GB virtual address.
# This output file may be truncated or incomplete.
#
#  Out of Memory Error (arena.cpp:166), pid=20260, tid=12432
#
# JRE version: Java(TM) SE Runtime Environment (21.0+35) (build 21+35-LTS-2513)
# Java VM: Java HotSpot(TM) 64-Bit Server VM (21+35-LTS-2513, mixed mode, sharing, tiered, compressed oops, compressed class ptrs, g1 gc, windows-amd64)
# No core dump will be written. Minidumps are not enabled by default on client versions of Windows
#

---------------  S U M M A R Y ------------

Command Line: -javaagent:C:\Users\asus\eclipse\java-2023-12\eclipse\configuration\org.eclipse.osgi\481\0\.cp\jacocoagent.jar=includes=*,excludes=,exclclassloader=sun.reflect.DelegatingClassLoader,output=tcpclient,port=60255 -Dfile.encoding=UTF-8 -Dstdout.encoding=UTF-8 -Dstderr.encoding=UTF-8 -XX:+ShowCodeDetailsInExceptionMessages projectdad.customer

Host: Intel(R) Core(TM) i5-1035G1 CPU @ 1.00GHz, 8 cores, 3G,  Windows 11 , 64 bit Build 22621 (10.0.22621.3672)
Time: Wed Jun 26 01:13:27 2024 Malay Peninsula Standard Time elapsed time: 0.711802 seconds (0d 0h 0m 0s)

---------------  T H R E A D  ---------------

Current thread (0x000002335d04e930):  JavaThread "AWT-EventQueue-0"        [_thread_in_vm, id=12432, stack(0x000000dc65f00000,0x000000dc66000000) (1024K)]

Stack: [0x000000dc65f00000,0x000000dc66000000]
Native frames: (J=compiled Java code, j=interpreted, Vv=VM code, C=native code)
V  [jvm.dll+0x6c8d39]
V  [jvm.dll+0x854091]
V  [jvm.dll+0x85630e]
V  [jvm.dll+0x8569e3]
V  [jvm.dll+0x2809a6]
V  [jvm.dll+0xc3e6d]
V  [jvm.dll+0xc4383]
V  [jvm.dll+0x2204d5]
V  [jvm.dll+0x21f416]
V  [jvm.dll+0x7cc981]
V  [jvm.dll+0x7cd9e5]
V  [jvm.dll+0x7cdf8f]
V  [jvm.dll+0x7cdc38]
V  [jvm.dll+0x26e97b]
V  [jvm.dll+0x26ebaa]
V  [jvm.dll+0x5cf187]
V  [jvm.dll+0x5d213f]
V  [jvm.dll+0x3d7110]
V  [jvm.dll+0x3d678d]
C  0x000002330f8d9ff5

The last pc belongs to invokestatic (printed below).
Java frames: (J=compiled Java code, j=interpreted, Vv=VM code)
j  sun.awt.SunToolkit.checkAndSetPolicy(Ljava/awt/Container;)V+0 java.desktop@21
j  java.awt.Window.init(Ljava/awt/GraphicsConfiguration;)V+194 java.desktop@21
j  java.awt.Window.<init>()V+114 java.desktop@21
j  java.awt.Frame.<init>(Ljava/lang/String;)V+1 java.desktop@21
j  java.awt.Frame.<init>()V+3 java.desktop@21
j  javax.swing.JFrame.<init>()V+1 java.desktop@21
j  projectdad.customer.initialize()V+12
j  projectdad.customer.<init>()V+16
j  projectdad.customer$1.run()V+10
j  java.awt.event.InvocationEvent.dispatch()V+47 java.desktop@21
j  java.awt.EventQueue.dispatchEventImpl(Ljava/awt/AWTEvent;Ljava/lang/Object;)V+21 java.desktop@21
j  java.awt.EventQueue$4.run()Ljava/lang/Void;+32 java.desktop@21
j  java.awt.EventQueue$4.run()Ljava/lang/Object;+1 java.desktop@21
j  java.security.AccessController.executePrivileged(Ljava/security/PrivilegedAction;Ljava/security/AccessControlContext;Ljava/lang/Class;)Ljava/lang/Object;+29 java.base@21
j  java.security.AccessController.doPrivileged(Ljava/security/PrivilegedAction;Ljava/security/AccessControlContext;)Ljava/lang/Object;+13 java.base@21
j  java.security.ProtectionDomain$JavaSecurityAccessImpl.doIntersectionPrivilege(Ljava/security/PrivilegedAction;Ljava/security/AccessControlContext;Ljava/security/AccessControlContext;)Ljava/lang/Object;+18 java.base@21
j  java.awt.EventQueue.dispatchEvent(Ljava/awt/AWTEvent;)V+46 java.desktop@21
j  java.awt.EventDispatchThread.pumpOneEventForFilters(I)V+81 java.desktop@21
j  java.awt.EventDispatchThread.pumpEventsForFilter(ILjava/awt/Conditional;Ljava/awt/EventFilter;)V+35 java.desktop@21
j  java.awt.EventDispatchThread.pumpEventsForHierarchy(ILjava/awt/Conditional;Ljava/awt/Component;)V+11 java.desktop@21
j  java.awt.EventDispatchThread.pumpEvents(ILjava/awt/Conditional;)V+4 java.desktop@21
j  java.awt.EventDispatchThread.pumpEvents(Ljava/awt/Conditional;)V+3 java.desktop@21
j  java.awt.EventDispatchThread.run()V+9 java.desktop@21
v  ~StubRoutines::call_stub 0x000002330f8c10e7
invokestatic  184 invokestatic  [0x000002330f8d9f40, 0x000002330f8da1e8]  680 bytes
[MachCode]
  0x000002330f8d9f40: 4883 ec08 | c5fa 1104 | 24eb 1f48 | 83ec 10c5 | fb11 0424 | eb14 4883 | ec10 4889 | 0424 48c7 
  0x000002330f8d9f60: 4424 0800 | 0000 00eb | 0150 4c89 | 6dc0 410f | b755 0148 | 8b4d d0c1 | e202 8b5c | d138 c1eb 
  0x000002330f8d9f80: 1081 e3ff | 0000 0081 | fbb8 0000 | 000f 84b4 | 0000 00bb | b800 0000 | e805 0000 | 00e9 9900 
  0x000002330f8d9fa0: 0000 488b | d348 8d44 | 2408 4c89 | 6dc0 498b | cfc5 f877 | 4989 afa8 | 0300 0049 | 8987 9803 
  0x000002330f8d9fc0: 0000 4883 | ec20 40f6 | c40f 0f84 | 1900 0000 | 4883 ec08 | 48b8 2067 | b5d1 fa7f | 0000 ffd0 
  0x000002330f8d9fe0: 4883 c408 | e90c 0000 | 0048 b820 | 67b5 d1fa | 7f00 00ff | d048 83c4 | 2049 c787 | 9803 0000 
  0x000002330f8da000: 0000 0000 | 49c7 87a8 | 0300 0000 | 0000 0049 | c787 a003 | 0000 0000 | 0000 c5f8 | 7749 837f 
  0x000002330f8da020: 0800 0f84 | 0500 0000 | e9d3 6efe | ff4c 8b6d | c04c 8b75 | c84e 8d74 | f500 c341 | 0fb7 5501 
  0x000002330f8da040: 488b 4dd0 | c1e2 0248 | 8b5c d140 | 488b 5b08 | 488b 5b08 | 488b 5b18 | 80bb 2001 | 0000 050f 
  0x000002330f8da060: 840d 0000 | 004c 3bbb | 3001 0000 | 0f85 21ff | ffff 488b | 5cd1 408b | 54d1 50c1 | ea1c 49ba 
  0x000002330f8da080: d07d 3cd2 | fa7f 0000 | 498b 14d2 | 5248 8b45 | d848 85c0 | 0f84 1200 | 0000 4883 | 4008 0148 
  0x000002330f8da0a0: 8358 0800 | 4883 c010 | 4889 45d8 | 488b 45d8 | 4885 c00f | 8423 0100 | 0080 78f0 | 0a0f 8519 
  0x000002330f8da0c0: 0100 0048 | 83c0 084c | 8b68 f841 | 83ed 0041 | 83fd 020f | 8cf8 0000 | 004c 8b6b | 0845 0fb7 
  0x000002330f8da0e0: 6d2e 4c2b | 2841 83ed | 014e 8b6c | ec08 4d85 | ed75 0748 | 8348 0801 | eb4a 458b | 6d08 49ba 
  0x000002330f8da100: 0000 0018 | 3302 0000 | 4d03 ea4c | 3368 0849 | f7c5 fcff | ffff 742c | 41f6 c502 | 7526 4883 
  0x000002330f8da120: 7808 0074 | 1b48 8378 | 0801 7414 | 4c33 6808 | 49f7 c5fc | ffff ff74 | 0b48 8348 | 0802 eb04 
  0x000002330f8da140: 4c89 6808 | 4883 c010 | 4c8b 68e8 | 4183 ed02 | 4183 fd02 | 0f8c 7700 | 0000 4c8b | 6b08 450f 
  0x000002330f8da160: b76d 2e4c | 2b28 4183 | ed01 4e8b | 6cec 084d | 85ed 7507 | 4883 4808 | 01eb 4a45 | 8b6d 0849 
  0x000002330f8da180: ba00 0000 | 1833 0200 | 004d 03ea | 4c33 6808 | 49f7 c5fc | ffff ff74 | 2c41 f6c5 | 0275 2648 
  0x000002330f8da1a0: 8378 0800 | 741b 4883 | 7808 0174 | 144c 3368 | 0849 f7c5 | fcff ffff | 740b 4883 | 4808 02eb 
  0x000002330f8da1c0: 044c 8968 | 0848 83c0 | 104c 8b68 | d841 83ed | 0441 c1e5 | 0349 03c5 | 4889 45d8 | 4c8d 6c24 
  0x000002330f8da1e0: 084c 896d | f0ff 6350 
[/MachCode]

---------------  P R O C E S S  ---------------

Threads class SMR info:
_java_thread_list=0x000002331788bec0, length=16, elements={
0x000002337cc791c0, 0x000002337cc7a0e0, 0x000002337cc7ea30, 0x000002337cc7f780,
0x000002337cc89400, 0x000002337cc8bfa0, 0x000002337cc8ee70, 0x000002337cc9b8e0,
0x00000233175350d0, 0x00000233176e6540, 0x00000233178458a0, 0x0000023317813380,
0x00000233178139f0, 0x000002331789d520, 0x000002335d04e930, 0x000002337696f690
}

Java Threads: ( => current thread )
  0x000002337cc791c0 JavaThread "Reference Handler"          daemon [_thread_blocked, id=20036, stack(0x000000dc65100000,0x000000dc65200000) (1024K)]
  0x000002337cc7a0e0 JavaThread "Finalizer"                  daemon [_thread_blocked, id=15764, stack(0x000000dc65200000,0x000000dc65300000) (1024K)]
  0x000002337cc7ea30 JavaThread "Signal Dispatcher"          daemon [_thread_blocked, id=12024, stack(0x000000dc65300000,0x000000dc65400000) (1024K)]
  0x000002337cc7f780 JavaThread "Attach Listener"            daemon [_thread_blocked, id=21444, stack(0x000000dc65400000,0x000000dc65500000) (1024K)]
  0x000002337cc89400 JavaThread "Service Thread"             daemon [_thread_blocked, id=8076, stack(0x000000dc65500000,0x000000dc65600000) (1024K)]
  0x000002337cc8bfa0 JavaThread "Monitor Deflation Thread"   daemon [_thread_blocked, id=9960, stack(0x000000dc65600000,0x000000dc65700000) (1024K)]
  0x000002337cc8ee70 JavaThread "C2 CompilerThread0"         daemon [_thread_blocked, id=6756, stack(0x000000dc65700000,0x000000dc65800000) (1024K)]
  0x000002337cc9b8e0 JavaThread "C1 CompilerThread0"         daemon [_thread_blocked, id=3552, stack(0x000000dc65800000,0x000000dc65900000) (1024K)]
  0x00000233175350d0 JavaThread "Common-Cleaner"             daemon [_thread_blocked, id=9148, stack(0x000000dc65900000,0x000000dc65a00000) (1024K)]
  0x00000233176e6540 JavaThread "org.jacoco.agent.rt.internal_4742761.output.TcpClientOutput" daemon [_thread_in_native, id=14512, stack(0x000000dc65a00000,0x000000dc65b00000) (1024K)]
  0x00000233178458a0 JavaThread "Notification Thread"        daemon [_thread_blocked, id=17964, stack(0x000000dc65b00000,0x000000dc65c00000) (1024K)]
  0x0000023317813380 JavaThread "Java2D Disposer"            daemon [_thread_blocked, id=17412, stack(0x000000dc65c00000,0x000000dc65d00000) (1024K)]
  0x00000233178139f0 JavaThread "AWT-Shutdown"                      [_thread_blocked, id=22568, stack(0x000000dc65d00000,0x000000dc65e00000) (1024K)]
  0x000002331789d520 JavaThread "AWT-Windows"                daemon [_thread_in_native, id=16984, stack(0x000000dc65e00000,0x000000dc65f00000) (1024K)]
=>0x000002335d04e930 JavaThread "AWT-EventQueue-0"                  [_thread_in_vm, id=12432, stack(0x000000dc65f00000,0x000000dc66000000) (1024K)]
  0x000002337696f690 JavaThread "DestroyJavaVM"                     [_thread_blocked, id=9964, stack(0x000000dc64900000,0x000000dc64a00000) (1024K)]
Total: 16

Other Threads:
  0x000002337cc5e870 VMThread "VM Thread"                           [id=22176, stack(0x000000dc65000000,0x000000dc65100000) (1024K)]
  0x000002337cc44900 WatcherThread "VM Periodic Task Thread"        [id=16020, stack(0x000000dc64f00000,0x000000dc65000000) (1024K)]
  0x0000023378ba0220 WorkerThread "GC Thread#0"                     [id=21448, stack(0x000000dc64a00000,0x000000dc64b00000) (1024K)]
  0x0000023378ba9550 ConcurrentGCThread "G1 Main Marker"            [id=14188, stack(0x000000dc64b00000,0x000000dc64c00000) (1024K)]
  0x0000023378baa050 WorkerThread "G1 Conc#0"                       [id=2604, stack(0x000000dc64c00000,0x000000dc64d00000) (1024K)]
  0x0000023378c26e70 ConcurrentGCThread "G1 Refine#0"               [id=17732, stack(0x000000dc64d00000,0x000000dc64e00000) (1024K)]
  0x0000023378c279e0 ConcurrentGCThread "G1 Service"                [id=16700, stack(0x000000dc64e00000,0x000000dc64f00000) (1024K)]
Total: 7

Threads with active compile tasks:
Total: 0

VM state: not at safepoint (normal execution)

VM Mutex/Monitor currently owned by a thread: None

Heap address: 0x00000000c3000000, size: 976 MB, Compressed Oops mode: 32-bit

CDS archive(s) mapped at: [0x0000023318000000-0x0000023318c90000-0x0000023318c90000), size 13172736, SharedBaseAddress: 0x0000023318000000, ArchiveRelocationMode: 1.
Compressed class space mapped at: 0x0000023319000000-0x0000023359000000, reserved size: 1073741824
Narrow klass base: 0x0000023318000000, Narrow klass shift: 0, Narrow klass range: 0x100000000

GC Precious Log:
 CardTable entry size: 512
 Card Set container configuration: InlinePtr #cards 5 size 8 Array Of Cards #cards 12 size 40 Howl #buckets 4 coarsen threshold 1843 Howl Bitmap #cards 512 size 80 coarsen threshold 460 Card regions per heap region 1 cards per card region 2048
 CPUs: 8 total, 8 available
 Memory: 3901M
 Large Page Support: Disabled
 NUMA Support: Disabled
 Compressed Oops: Enabled (32-bit)
 Heap Region Size: 1M
 Heap Min Capacity: 8M
 Heap Initial Capacity: 62M
 Heap Max Capacity: 976M
 Pre-touch: Disabled
 Parallel Workers: 8
 Concurrent Workers: 2
 Concurrent Refinement Workers: 8
 Periodic GC: Disabled

Heap:
 garbage-first heap   total 63488K, used 10240K [0x00000000c3000000, 0x0000000100000000)
  region size 1024K, 11 young (11264K), 0 survivors (0K)
 Metaspace       used 4941K, committed 5120K, reserved 1114112K
  class space    used 501K, committed 576K, reserved 1048576K

Heap Regions: E=young(eden), S=young(survivor), O=old, HS=humongous(starts), HC=humongous(continues), CS=collection set, F=free, TAMS=top-at-mark-start, PB=parsable bottom
|   0|0x00000000c3000000, 0x00000000c3000000, 0x00000000c3100000|  0%| F|  |TAMS 0x00000000c3000000| PB 0x00000000c3000000| Untracked 
|   1|0x00000000c3100000, 0x00000000c3100000, 0x00000000c3200000|  0%| F|  |TAMS 0x00000000c3100000| PB 0x00000000c3100000| Untracked 
|   2|0x00000000c3200000, 0x00000000c3200000, 0x00000000c3300000|  0%| F|  |TAMS 0x00000000c3200000| PB 0x00000000c3200000| Untracked 
|   3|0x00000000c3300000, 0x00000000c3300000, 0x00000000c3400000|  0%| F|  |TAMS 0x00000000c3300000| PB 0x00000000c3300000| Untracked 
|   4|0x00000000c3400000, 0x00000000c3400000, 0x00000000c3500000|  0%| F|  |TAMS 0x00000000c3400000| PB 0x00000000c3400000| Untracked 
|   5|0x00000000c3500000, 0x00000000c3500000, 0x00000000c3600000|  0%| F|  |TAMS 0x00000000c3500000| PB 0x00000000c3500000| Untracked 
|   6|0x00000000c3600000, 0x00000000c3600000, 0x00000000c3700000|  0%| F|  |TAMS 0x00000000c3600000| PB 0x00000000c3600000| Untracked 
|   7|0x00000000c3700000, 0x00000000c3700000, 0x00000000c3800000|  0%| F|  |TAMS 0x00000000c3700000| PB 0x00000000c3700000| Untracked 
|   8|0x00000000c3800000, 0x00000000c3800000, 0x00000000c3900000|  0%| F|  |TAMS 0x00000000c3800000| PB 0x00000000c3800000| Untracked 
|   9|0x00000000c3900000, 0x00000000c3900000, 0x00000000c3a00000|  0%| F|  |TAMS 0x00000000c3900000| PB 0x00000000c3900000| Untracked 
|  10|0x00000000c3a00000, 0x00000000c3a00000, 0x00000000c3b00000|  0%| F|  |TAMS 0x00000000c3a00000| PB 0x00000000c3a00000| Untracked 
|  11|0x00000000c3b00000, 0x00000000c3b00000, 0x00000000c3c00000|  0%| F|  |TAMS 0x00000000c3b00000| PB 0x00000000c3b00000| Untracked 
|  12|0x00000000c3c00000, 0x00000000c3c00000, 0x00000000c3d00000|  0%| F|  |TAMS 0x00000000c3c00000| PB 0x00000000c3c00000| Untracked 
|  13|0x00000000c3d00000, 0x00000000c3d00000, 0x00000000c3e00000|  0%| F|  |TAMS 0x00000000c3d00000| PB 0x00000000c3d00000| Untracked 
|  14|0x00000000c3e00000, 0x00000000c3e00000, 0x00000000c3f00000|  0%| F|  |TAMS 0x00000000c3e00000| PB 0x00000000c3e00000| Untracked 
|  15|0x00000000c3f00000, 0x00000000c3f00000, 0x00000000c4000000|  0%| F|  |TAMS 0x00000000c3f00000| PB 0x00000000c3f00000| Untracked 
|  16|0x00000000c4000000, 0x00000000c4000000, 0x00000000c4100000|  0%| F|  |TAMS 0x00000000c4000000| PB 0x00000000c4000000| Untracked 
|  17|0x00000000c4100000, 0x00000000c4100000, 0x00000000c4200000|  0%| F|  |TAMS 0x00000000c4100000| PB 0x00000000c4100000| Untracked 
|  18|0x00000000c4200000, 0x00000000c4200000, 0x00000000c4300000|  0%| F|  |TAMS 0x00000000c4200000| PB 0x00000000c4200000| Untracked 
|  19|0x00000000c4300000, 0x00000000c4300000, 0x00000000c4400000|  0%| F|  |TAMS 0x00000000c4300000| PB 0x00000000c4300000| Untracked 
|  20|0x00000000c4400000, 0x00000000c4400000, 0x00000000c4500000|  0%| F|  |TAMS 0x00000000c4400000| PB 0x00000000c4400000| Untracked 
|  21|0x00000000c4500000, 0x00000000c4500000, 0x00000000c4600000|  0%| F|  |TAMS 0x00000000c4500000| PB 0x00000000c4500000| Untracked 
|  22|0x00000000c4600000, 0x00000000c4600000, 0x00000000c4700000|  0%| F|  |TAMS 0x00000000c4600000| PB 0x00000000c4600000| Untracked 
|  23|0x00000000c4700000, 0x00000000c4700000, 0x00000000c4800000|  0%| F|  |TAMS 0x00000000c4700000| PB 0x00000000c4700000| Untracked 
|  24|0x00000000c4800000, 0x00000000c4800000, 0x00000000c4900000|  0%| F|  |TAMS 0x00000000c4800000| PB 0x00000000c4800000| Untracked 
|  25|0x00000000c4900000, 0x00000000c4900000, 0x00000000c4a00000|  0%| F|  |TAMS 0x00000000c4900000| PB 0x00000000c4900000| Untracked 
|  26|0x00000000c4a00000, 0x00000000c4a00000, 0x00000000c4b00000|  0%| F|  |TAMS 0x00000000c4a00000| PB 0x00000000c4a00000| Untracked 
|  27|0x00000000c4b00000, 0x00000000c4b00000, 0x00000000c4c00000|  0%| F|  |TAMS 0x00000000c4b00000| PB 0x00000000c4b00000| Untracked 
|  28|0x00000000c4c00000, 0x00000000c4c00000, 0x00000000c4d00000|  0%| F|  |TAMS 0x00000000c4c00000| PB 0x00000000c4c00000| Untracked 
|  29|0x00000000c4d00000, 0x00000000c4d00000, 0x00000000c4e00000|  0%| F|  |TAMS 0x00000000c4d00000| PB 0x00000000c4d00000| Untracked 
|  30|0x00000000c4e00000, 0x00000000c4e00000, 0x00000000c4f00000|  0%| F|  |TAMS 0x00000000c4e00000| PB 0x00000000c4e00000| Untracked 
|  31|0x00000000c4f00000, 0x00000000c4f00000, 0x00000000c5000000|  0%| F|  |TAMS 0x00000000c4f00000| PB 0x00000000c4f00000| Untracked 
|  32|0x00000000c5000000, 0x00000000c5000000, 0x00000000c5100000|  0%| F|  |TAMS 0x00000000c5000000| PB 0x00000000c5000000| Untracked 
|  33|0x00000000c5100000, 0x00000000c5100000, 0x00000000c5200000|  0%| F|  |TAMS 0x00000000c5100000| PB 0x00000000c5100000| Untracked 
|  34|0x00000000c5200000, 0x00000000c5200000, 0x00000000c5300000|  0%| F|  |TAMS 0x00000000c5200000| PB 0x00000000c5200000| Untracked 
|  35|0x00000000c5300000, 0x00000000c5300000, 0x00000000c5400000|  0%| F|  |TAMS 0x00000000c5300000| PB 0x00000000c5300000| Untracked 
|  36|0x00000000c5400000, 0x00000000c5400000, 0x00000000c5500000|  0%| F|  |TAMS 0x00000000c5400000| PB 0x00000000c5400000| Untracked 
|  37|0x00000000c5500000, 0x00000000c5500000, 0x00000000c5600000|  0%| F|  |TAMS 0x00000000c5500000| PB 0x00000000c5500000| Untracked 
|  38|0x00000000c5600000, 0x00000000c5600000, 0x00000000c5700000|  0%| F|  |TAMS 0x00000000c5600000| PB 0x00000000c5600000| Untracked 
|  39|0x00000000c5700000, 0x00000000c5700000, 0x00000000c5800000|  0%| F|  |TAMS 0x00000000c5700000| PB 0x00000000c5700000| Untracked 
|  40|0x00000000c5800000, 0x00000000c5800000, 0x00000000c5900000|  0%| F|  |TAMS 0x00000000c5800000| PB 0x00000000c5800000| Untracked 
|  41|0x00000000c5900000, 0x00000000c5900000, 0x00000000c5a00000|  0%| F|  |TAMS 0x00000000c5900000| PB 0x00000000c5900000| Untracked 
|  42|0x00000000c5a00000, 0x00000000c5a00000, 0x00000000c5b00000|  0%| F|  |TAMS 0x00000000c5a00000| PB 0x00000000c5a00000| Untracked 
|  43|0x00000000c5b00000, 0x00000000c5b00000, 0x00000000c5c00000|  0%| F|  |TAMS 0x00000000c5b00000| PB 0x00000000c5b00000| Untracked 
|  44|0x00000000c5c00000, 0x00000000c5c00000, 0x00000000c5d00000|  0%| F|  |TAMS 0x00000000c5c00000| PB 0x00000000c5c00000| Untracked 
|  45|0x00000000c5d00000, 0x00000000c5d00000, 0x00000000c5e00000|  0%| F|  |TAMS 0x00000000c5d00000| PB 0x00000000c5d00000| Untracked 
|  46|0x00000000c5e00000, 0x00000000c5e00000, 0x00000000c5f00000|  0%| F|  |TAMS 0x00000000c5e00000| PB 0x00000000c5e00000| Untracked 
|  47|0x00000000c5f00000, 0x00000000c5f00000, 0x00000000c6000000|  0%| F|  |TAMS 0x00000000c5f00000| PB 0x00000000c5f00000| Untracked 
|  48|0x00000000c6000000, 0x00000000c6000000, 0x00000000c6100000|  0%| F|  |TAMS 0x00000000c6000000| PB 0x00000000c6000000| Untracked 
|  49|0x00000000c6100000, 0x00000000c6100000, 0x00000000c6200000|  0%| F|  |TAMS 0x00000000c6100000| PB 0x00000000c6100000| Untracked 
|  50|0x00000000c6200000, 0x00000000c6200000, 0x00000000c6300000|  0%| F|  |TAMS 0x00000000c6200000| PB 0x00000000c6200000| Untracked 
|  51|0x00000000c6300000, 0x00000000c63788b0, 0x00000000c6400000| 47%| E|  |TAMS 0x00000000c6300000| PB 0x00000000c6300000| Complete 
|  52|0x00000000c6400000, 0x00000000c6500000, 0x00000000c6500000|100%| E|CS|TAMS 0x00000000c6400000| PB 0x00000000c6400000| Complete 
|  53|0x00000000c6500000, 0x00000000c6600000, 0x00000000c6600000|100%| E|CS|TAMS 0x00000000c6500000| PB 0x00000000c6500000| Complete 
|  54|0x00000000c6600000, 0x00000000c6700000, 0x00000000c6700000|100%| E|CS|TAMS 0x00000000c6600000| PB 0x00000000c6600000| Complete 
|  55|0x00000000c6700000, 0x00000000c6800000, 0x00000000c6800000|100%| E|CS|TAMS 0x00000000c6700000| PB 0x00000000c6700000| Complete 
|  56|0x00000000c6800000, 0x00000000c6900000, 0x00000000c6900000|100%| E|CS|TAMS 0x00000000c6800000| PB 0x00000000c6800000| Complete 
|  57|0x00000000c6900000, 0x00000000c6a00000, 0x00000000c6a00000|100%| E|CS|TAMS 0x00000000c6900000| PB 0x00000000c6900000| Complete 
|  58|0x00000000c6a00000, 0x00000000c6b00000, 0x00000000c6b00000|100%| E|CS|TAMS 0x00000000c6a00000| PB 0x00000000c6a00000| Complete 
|  59|0x00000000c6b00000, 0x00000000c6c00000, 0x00000000c6c00000|100%| E|CS|TAMS 0x00000000c6b00000| PB 0x00000000c6b00000| Complete 
|  60|0x00000000c6c00000, 0x00000000c6d00000, 0x00000000c6d00000|100%| E|CS|TAMS 0x00000000c6c00000| PB 0x00000000c6c00000| Complete 
|  61|0x00000000c6d00000, 0x00000000c6e00000, 0x00000000c6e00000|100%| E|CS|TAMS 0x00000000c6d00000| PB 0x00000000c6d00000| Complete 

Card table byte_map: [0x0000023379150000,0x0000023379340000] _byte_map_base: 0x0000023378b38000

Marking Bits: (CMBitMap*) 0x0000023378ba0920
 Bits: [0x0000023379340000, 0x000002337a280000)

Polling page: 0x0000023376b60000

Metaspace:

Usage:
  Non-class:      4.34 MB used.
      Class:    501.09 KB used.
       Both:      4.83 MB used.

Virtual space:
  Non-class space:       64.00 MB reserved,       4.44 MB (  7%) committed,  1 nodes.
      Class space:        1.00 GB reserved,     576.00 KB ( <1%) committed,  1 nodes.
             Both:        1.06 GB reserved,       5.00 MB ( <1%) committed. 

Chunk freelists:
   Non-Class:  11.22 MB
       Class:  15.25 MB
        Both:  26.47 MB

MaxMetaspaceSize: unlimited
CompressedClassSpaceSize: 1.00 GB
Initial GC threshold: 21.00 MB
Current GC threshold: 21.00 MB
CDS: on
 - commit_granule_bytes: 65536.
 - commit_granule_words: 8192.
 - virtual_space_node_default_size: 8388608.
 - enlarge_chunks_in_place: 1.
 - use_allocation_guard: 0.


Internal statistics:

num_allocs_failed_limit: 0.
num_arena_births: 162.
num_arena_deaths: 0.
num_vsnodes_births: 2.
num_vsnodes_deaths: 0.
num_space_committed: 80.
num_space_uncommitted: 0.
num_chunks_returned_to_freelist: 0.
num_chunks_taken_from_freelist: 218.
num_chunk_merges: 0.
num_chunk_splits: 143.
num_chunks_enlarged: 83.
num_inconsistent_stats: 0.

CodeHeap 'non-profiled nmethods': size=120000Kb used=209Kb max_used=209Kb free=119790Kb
 bounds [0x000002330fe60000, 0x00000233100d0000, 0x0000023317390000]
CodeHeap 'profiled nmethods': size=120000Kb used=1125Kb max_used=1125Kb free=118874Kb
 bounds [0x0000023308390000, 0x0000023308600000, 0x000002330f8c0000]
CodeHeap 'non-nmethods': size=5760Kb used=1561Kb max_used=1561Kb free=4198Kb
 bounds [0x000002330f8c0000, 0x000002330fb30000, 0x000002330fe60000]
 total_blobs=1222 nmethods=714 adapters=413
 compilation: enabled
              stopped_count=0, restarted_count=0
 full_count=0

Compilation events (20 events):
Event: 0.637 Thread 0x000002337cc9b8e0  703       3       java.lang.invoke.MethodHandles$Lookup::checkSymbolicClass (25 bytes)
Event: 0.638 Thread 0x000002337cc9b8e0 nmethod 703 0x00000233084a3e10 code [0x00000233084a3fe0, 0x00000233084a4268]
Event: 0.638 Thread 0x000002337cc9b8e0  704       3       jdk.internal.org.objectweb.asm.MethodVisitor::<init> (78 bytes)
Event: 0.638 Thread 0x000002337cc9b8e0 nmethod 704 0x00000233084a4390 code [0x00000233084a45c0, 0x00000233084a4d98]
Event: 0.638 Thread 0x000002337cc9b8e0  705       3       jdk.internal.loader.NativeLibraries$NativeLibraryImpl::find (9 bytes)
Event: 0.639 Thread 0x000002337cc9b8e0 nmethod 705 0x00000233084a5010 code [0x00000233084a51c0, 0x00000233084a5300]
Event: 0.639 Thread 0x000002337cc9b8e0  708       3       java.lang.invoke.MethodTypeForm::cachedLambdaForm (23 bytes)
Event: 0.639 Thread 0x000002337cc9b8e0 nmethod 708 0x00000233084a5390 code [0x00000233084a5560, 0x00000233084a58c8]
Event: 0.639 Thread 0x000002337cc9b8e0  709       3       java.lang.invoke.MethodHandles$Lookup::checkAccess (200 bytes)
Event: 0.640 Thread 0x000002337cc9b8e0 nmethod 709 0x00000233084a5a10 code [0x00000233084a5cc0, 0x00000233084a6878]
Event: 0.680 Thread 0x000002337cc9b8e0  710       3       java.lang.invoke.MethodType::toMethodDescriptorString (28 bytes)
Event: 0.680 Thread 0x000002337cc9b8e0 nmethod 710 0x00000233084a6b90 code [0x00000233084a6d40, 0x00000233084a6f20]
Event: 0.680 Thread 0x000002337cc9b8e0  711       3       java.lang.invoke.DirectMethodHandle::<init> (148 bytes)
Event: 0.681 Thread 0x000002337cc9b8e0 nmethod 711 0x00000233084a7010 code [0x00000233084a72e0, 0x00000233084a81a0]
Event: 0.705 Thread 0x000002337cc9b8e0  712       3       java.lang.invoke.DirectMethodHandle::internalMemberName (8 bytes)
Event: 0.706 Thread 0x000002337cc9b8e0 nmethod 712 0x00000233084a8610 code [0x00000233084a87c0, 0x00000233084a89b0]
Event: 0.707 Thread 0x000002337cc9b8e0  713       3       java.util.ArrayList::iterator (9 bytes)
Event: 0.707 Thread 0x000002337cc9b8e0 nmethod 713 0x00000233084a8a90 code [0x00000233084a8c40, 0x00000233084a8ed8]
Event: 0.707 Thread 0x000002337cc9b8e0  714       3       java.util.ArrayList$Itr::<init> (26 bytes)
Event: 0.707 Thread 0x000002337cc9b8e0 nmethod 714 0x00000233084a9010 code [0x00000233084a91c0, 0x00000233084a93a0]

GC Heap History (0 events):
No events

Dll operation events (11 events):
Event: 0.023 Loaded shared library C:\Program Files\Java\jdk-21\bin\java.dll
Event: 0.068 Loaded shared library C:\Program Files\Java\jdk-21\bin\jsvml.dll
Event: 0.137 Loaded shared library C:\Program Files\Java\jdk-21\bin\zip.dll
Event: 0.144 Loaded shared library C:\Program Files\Java\jdk-21\bin\instrument.dll
Event: 0.154 Loaded shared library C:\Program Files\Java\jdk-21\bin\net.dll
Event: 0.156 Loaded shared library C:\Program Files\Java\jdk-21\bin\nio.dll
Event: 0.162 Loaded shared library C:\Program Files\Java\jdk-21\bin\zip.dll
Event: 0.178 Loaded shared library C:\Program Files\Java\jdk-21\bin\verify.dll
Event: 0.222 Loaded shared library C:\Program Files\Java\jdk-21\bin\jimage.dll
Event: 0.264 Loaded shared library C:\Program Files\Java\jdk-21\bin\extnet.dll
Event: 0.539 Loaded shared library C:\Program Files\Java\jdk-21\bin\awt.dll

Deoptimization events (20 events):
Event: 0.331 Thread 0x000002337696f690 Uncommon trap: trap_request=0xffffffde fr.pc=0x000002330fe6de74 relative=0x0000000000000934
Event: 0.331 Thread 0x000002337696f690 Uncommon trap: reason=class_check action=maybe_recompile pc=0x000002330fe6de74 method=java.util.HashMap.putVal(ILjava/lang/Object;Ljava/lang/Object;ZZ)Ljava/lang/Object; @ 152 c2
Event: 0.331 Thread 0x000002337696f690 DEOPT PACKING pc=0x000002330fe6de74 sp=0x000000dc649fd5f0
Event: 0.331 Thread 0x000002337696f690 DEOPT UNPACKING pc=0x000002330f917da2 sp=0x000000dc649fd580 mode 2
Event: 0.331 Thread 0x000002337696f690 Uncommon trap: trap_request=0xffffffde fr.pc=0x000002330fe6de74 relative=0x0000000000000934
Event: 0.331 Thread 0x000002337696f690 Uncommon trap: reason=class_check action=maybe_recompile pc=0x000002330fe6de74 method=java.util.HashMap.putVal(ILjava/lang/Object;Ljava/lang/Object;ZZ)Ljava/lang/Object; @ 152 c2
Event: 0.331 Thread 0x000002337696f690 DEOPT PACKING pc=0x000002330fe6de74 sp=0x000000dc649fd5f0
Event: 0.331 Thread 0x000002337696f690 DEOPT UNPACKING pc=0x000002330f917da2 sp=0x000000dc649fd580 mode 2
Event: 0.336 Thread 0x000002337696f690 DEOPT PACKING pc=0x00000233083bc919 sp=0x000000dc649fd370
Event: 0.336 Thread 0x000002337696f690 DEOPT UNPACKING pc=0x000002330f9188e2 sp=0x000000dc649fc790 mode 0
Event: 0.351 Thread 0x000002337696f690 DEOPT PACKING pc=0x000002330839f461 sp=0x000000dc649fa160
Event: 0.351 Thread 0x000002337696f690 DEOPT UNPACKING pc=0x000002330f9188e2 sp=0x000000dc649f95c8 mode 0
Event: 0.389 Thread 0x000002337696f690 Uncommon trap: trap_request=0xffffff45 fr.pc=0x000002330fe75e0c relative=0x000000000000006c
Event: 0.389 Thread 0x000002337696f690 Uncommon trap: reason=unstable_if action=reinterpret pc=0x000002330fe75e0c method=java.lang.String.isLatin1()Z @ 10 c2
Event: 0.390 Thread 0x000002337696f690 DEOPT PACKING pc=0x000002330fe75e0c sp=0x000000dc649fe3a0
Event: 0.390 Thread 0x000002337696f690 DEOPT UNPACKING pc=0x000002330f917da2 sp=0x000000dc649fe330 mode 2
Event: 0.390 Thread 0x000002337696f690 Uncommon trap: trap_request=0xffffff45 fr.pc=0x000002330fe6f260 relative=0x00000000000000c0
Event: 0.390 Thread 0x000002337696f690 Uncommon trap: reason=unstable_if action=reinterpret pc=0x000002330fe6f260 method=java.lang.String.isLatin1()Z @ 10 c2
Event: 0.390 Thread 0x000002337696f690 DEOPT PACKING pc=0x000002330fe6f260 sp=0x000000dc649feec0
Event: 0.390 Thread 0x000002337696f690 DEOPT UNPACKING pc=0x000002330f917da2 sp=0x000000dc649fee00 mode 2

Classes loaded (20 events):
Event: 0.706 Loading class java/awt/GraphicsConfiguration
Event: 0.706 Loading class java/awt/GraphicsConfiguration done
Event: 0.706 Loading class sun/awt/Win32GraphicsConfig done
Event: 0.707 Loading class java/awt/BorderLayout
Event: 0.707 Loading class java/awt/LayoutManager2
Event: 0.707 Loading class java/awt/LayoutManager2 done
Event: 0.707 Loading class java/awt/BorderLayout done
Event: 0.707 Loading class java/awt/Rectangle
Event: 0.707 Loading class java/awt/Shape
Event: 0.707 Loading class java/awt/Shape done
Event: 0.707 Loading class java/awt/geom/Rectangle2D
Event: 0.708 Loading class java/awt/geom/RectangularShape
Event: 0.708 Loading class java/awt/geom/RectangularShape done
Event: 0.708 Loading class java/awt/geom/Rectangle2D done
Event: 0.708 Loading class java/awt/Rectangle done
Event: 0.708 Loading class java/awt/Dialog$ModalExclusionType
Event: 0.708 Loading class java/awt/Dialog$ModalExclusionType done
Event: 0.709 Loading class java/awt/Window$WindowDisposerRecord
Event: 0.709 Loading class java/awt/Window$WindowDisposerRecord done
Event: 0.709 Loading class java/awt/KeyboardFocusManager

Classes unloaded (0 events):
No events

Classes redefined (0 events):
No events

Internal exceptions (14 events):
Event: 0.180 Thread 0x000002337696f690 Exception <a 'java/lang/NoSuchMethodError'{0x00000000c6b7da30}: 'void java.lang.invoke.DirectMethodHandle$Holder.invokeStatic(java.lang.Object, java.lang.Object, java.lang.Object)'> (0x00000000c6b7da30) 
thrown [s\open\src\hotspot\share\interpreter\linkResolver.cpp, line 773]
Event: 0.186 Thread 0x000002337696f690 Exception <a 'java/lang/NoSuchMethodError'{0x00000000c6b94f38}: 'java.lang.Object java.lang.invoke.Invokers$Holder.invokeExact_MT(java.lang.Object, java.lang.Object, java.lang.Object, java.lang.Object, java.lang.Object)'> (0x00000000c6b94f38) 
thrown [s\open\src\hotspot\share\interpreter\linkResolver.cpp, line 773]
Event: 0.266 Thread 0x000002337696f690 Exception <a 'java/lang/NoSuchMethodError'{0x00000000c6bec580}: 'void java.lang.invoke.DirectMethodHandle$Holder.invokeStatic(java.lang.Object, java.lang.Object)'> (0x00000000c6bec580) 
thrown [s\open\src\hotspot\share\interpreter\linkResolver.cpp, line 773]
Event: 0.291 Thread 0x000002337696f690 Exception <a 'java/lang/NoSuchMethodError'{0x00000000c6a30f20}: 'void java.lang.invoke.DelegatingMethodHandle$Holder.reinvoke_L(java.lang.Object, java.lang.Object, java.lang.Object, java.lang.Object, java.lang.Object, java.lang.Object, java.lang.Object, java.lang.Object)'> (0x00000000c6a30f20) 
thrown [s\open\src\hotspot\share\interpreter\linkResolver.cpp, line 773]
Event: 0.297 Thread 0x000002337696f690 Exception <a 'java/lang/NoSuchMethodError'{0x00000000c6a456f0}: 'java.lang.Object java.lang.invoke.DirectMethodHandle$Holder.invokeStatic(java.lang.Object, java.lang.Object, int)'> (0x00000000c6a456f0) 
thrown [s\open\src\hotspot\share\interpreter\linkResolver.cpp, line 773]
Event: 0.299 Thread 0x000002337696f690 Exception <a 'java/lang/NoSuchMethodError'{0x00000000c6a50bf0}: 'void java.lang.invoke.DelegatingMethodHandle$Holder.delegate(java.lang.Object, java.lang.Object, int, java.lang.Object)'> (0x00000000c6a50bf0) 
thrown [s\open\src\hotspot\share\interpreter\linkResolver.cpp, line 773]
Event: 0.299 Thread 0x000002337696f690 Exception <a 'java/lang/NoSuchMethodError'{0x00000000c6a54620}: 'int java.lang.invoke.DirectMethodHandle$Holder.invokeSpecial(java.lang.Object, java.lang.Object, java.lang.Object)'> (0x00000000c6a54620) 
thrown [s\open\src\hotspot\share\interpreter\linkResolver.cpp, line 773]
Event: 0.304 Thread 0x000002337696f690 Exception <a 'java/lang/NoSuchMethodError'{0x00000000c6a6abf0}: 'void java.lang.invoke.DirectMethodHandle$Holder.invokeStatic(java.lang.Object, java.lang.Object, java.lang.Object, java.lang.Object)'> (0x00000000c6a6abf0) 
thrown [s\open\src\hotspot\share\interpreter\linkResolver.cpp, line 773]
Event: 0.371 Thread 0x000002337696f690 Exception <a 'java/lang/NoSuchMethodError'{0x00000000c69ee950}: 'void java.lang.invoke.DirectMethodHandle$Holder.invokeSpecial(java.lang.Object, java.lang.Object, java.lang.Object)'> (0x00000000c69ee950) 
thrown [s\open\src\hotspot\share\interpreter\linkResolver.cpp, line 773]
Event: 0.371 Thread 0x000002337696f690 Exception <a 'java/lang/NoSuchMethodError'{0x00000000c69f1990}: 'void java.lang.invoke.Invokers$Holder.invokeExact_MT(java.lang.Object, java.lang.Object, java.lang.Object)'> (0x00000000c69f1990) 
thrown [s\open\src\hotspot\share\interpreter\linkResolver.cpp, line 773]
Event: 0.492 Thread 0x000002337696f690 Exception <a 'java/lang/NoSuchMethodError'{0x00000000c67d6fd0}: 'java.lang.Object java.lang.invoke.Invokers$Holder.invoke_MT(java.lang.Object, java.lang.Object, java.lang.Object, java.lang.Object, java.lang.Object)'> (0x00000000c67d6fd0) 
thrown [s\open\src\hotspot\share\interpreter\linkResolver.cpp, line 773]
Event: 0.507 Thread 0x000002337696f690 Exception <a 'java/lang/ClassNotFoundException'{0x00000000c6608cf8}: sun/awt/resources/spi/awtProvider> (0x00000000c6608cf8) 
thrown [s\open\src\hotspot\share\classfile\systemDictionary.cpp, line 312]
Event: 0.555 Thread 0x000002337696f690 Exception <a 'java/io/FileNotFoundException'{0x00000000c6661dd8}> (0x00000000c6661dd8) 
thrown [s\open\src\hotspot\share\prims\jni.cpp, line 520]
Event: 0.565 Thread 0x000002337696f690 Exception <a 'java/io/FileNotFoundException'{0x00000000c668ca60}> (0x00000000c668ca60) 
thrown [s\open\src\hotspot\share\prims\jni.cpp, line 520]

ZGC Phase Switch (0 events):
No events

VM Operations (4 events):
Event: 0.117 Executing VM operation: HandshakeAllThreads (Deoptimize)
Event: 0.117 Executing VM operation: HandshakeAllThreads (Deoptimize) done
Event: 0.682 Executing VM operation: HandshakeAllThreads (Deoptimize)
Event: 0.682 Executing VM operation: HandshakeAllThreads (Deoptimize) done

Events (18 events):
Event: 0.045 Thread 0x000002337696f690 Thread added: 0x000002337696f690
Event: 0.065 Thread 0x000002337cc791c0 Thread added: 0x000002337cc791c0
Event: 0.065 Thread 0x000002337cc7a0e0 Thread added: 0x000002337cc7a0e0
Event: 0.066 Thread 0x000002337cc7ea30 Thread added: 0x000002337cc7ea30
Event: 0.066 Thread 0x000002337cc7f780 Thread added: 0x000002337cc7f780
Event: 0.066 Thread 0x000002337cc89400 Thread added: 0x000002337cc89400
Event: 0.066 Thread 0x000002337cc8bfa0 Thread added: 0x000002337cc8bfa0
Event: 0.066 Thread 0x000002337cc8ee70 Thread added: 0x000002337cc8ee70
Event: 0.066 Thread 0x000002337cc9b8e0 Thread added: 0x000002337cc9b8e0
Event: 0.107 Thread 0x00000233175350d0 Thread added: 0x00000233175350d0
Event: 0.283 Thread 0x00000233176e6540 Thread added: 0x00000233176e6540
Event: 0.383 Thread 0x00000233178458a0 Thread added: 0x00000233178458a0
Event: 0.636 Thread 0x0000023317813380 Thread added: 0x0000023317813380
Event: 0.637 Thread 0x00000233178139f0 Thread added: 0x00000233178139f0
Event: 0.639 Thread 0x000002331789d520 Thread added: 0x000002331789d520
Event: 0.685 Thread 0x000002335d04e930 Thread added: 0x000002335d04e930
Event: 0.686 Thread 0x000002337696f690 Thread exited: 0x000002337696f690
Event: 0.686 Thread 0x000002337696f690 Thread added: 0x000002337696f690


Dynamic libraries:
0x00007ff62f360000 - 0x00007ff62f370000 	C:\Program Files\Java\jdk-21\bin\javaw.exe
0x00007ffb8e870000 - 0x00007ffb8ea87000 	C:\WINDOWS\SYSTEM32\ntdll.dll
0x00007ffb8d880000 - 0x00007ffb8d944000 	C:\WINDOWS\System32\KERNEL32.DLL
0x00007ffb8c030000 - 0x00007ffb8c3dc000 	C:\WINDOWS\System32\KERNELBASE.dll
0x00007ffb8bba0000 - 0x00007ffb8bcb1000 	C:\WINDOWS\System32\ucrtbase.dll
0x00007ffb67550000 - 0x00007ffb67569000 	C:\Program Files\Java\jdk-21\bin\jli.dll
0x00007ffb8c5b0000 - 0x00007ffb8c662000 	C:\WINDOWS\System32\ADVAPI32.dll
0x00007ffb8d950000 - 0x00007ffb8d9f7000 	C:\WINDOWS\System32\msvcrt.dll
0x00007ffb8cc00000 - 0x00007ffb8ccaa000 	C:\WINDOWS\System32\sechost.dll
0x00007ffb8bcc0000 - 0x00007ffb8bce8000 	C:\WINDOWS\System32\bcrypt.dll
0x00007ffb8d6e0000 - 0x00007ffb8d7f5000 	C:\WINDOWS\System32\RPCRT4.dll
0x00007ffb67570000 - 0x00007ffb6758b000 	C:\Program Files\Java\jdk-21\bin\VCRUNTIME140.dll
0x00007ffb8c910000 - 0x00007ffb8cabe000 	C:\WINDOWS\System32\USER32.dll
0x00007ffb8ae00000 - 0x00007ffb8b093000 	C:\WINDOWS\WinSxS\amd64_microsoft.windows.common-controls_6595b64144ccf1df_6.0.22621.3672_none_2713b9d173822955\COMCTL32.dll
0x00007ffb8c460000 - 0x00007ffb8c486000 	C:\WINDOWS\System32\win32u.dll
0x00007ffb8c670000 - 0x00007ffb8c699000 	C:\WINDOWS\System32\GDI32.dll
0x00007ffb8c490000 - 0x00007ffb8c5a9000 	C:\WINDOWS\System32\gdi32full.dll
0x00007ffb8bcf0000 - 0x00007ffb8bd8a000 	C:\WINDOWS\System32\msvcp_win.dll
0x00007ffb85250000 - 0x00007ffb8525a000 	C:\WINDOWS\SYSTEM32\VERSION.dll
0x00007ffb8cbc0000 - 0x00007ffb8cbf1000 	C:\WINDOWS\System32\IMM32.DLL
0x00007ffb67540000 - 0x00007ffb6754c000 	C:\Program Files\Java\jdk-21\bin\vcruntime140_1.dll
0x00007ffb674b0000 - 0x00007ffb6753e000 	C:\Program Files\Java\jdk-21\bin\msvcp140.dll
0x00007ffad1780000 - 0x00007ffad2493000 	C:\Program Files\Java\jdk-21\bin\server\jvm.dll
0x00007ffb8d800000 - 0x00007ffb8d871000 	C:\WINDOWS\System32\WS2_32.dll
0x00007ffb8b4a0000 - 0x00007ffb8b4ed000 	C:\WINDOWS\SYSTEM32\POWRPROF.dll
0x00007ffb84080000 - 0x00007ffb840b4000 	C:\WINDOWS\SYSTEM32\WINMM.dll
0x00007ffb8b190000 - 0x00007ffb8b1a3000 	C:\WINDOWS\SYSTEM32\UMPDC.dll
0x00007ffb8a560000 - 0x00007ffb8a578000 	C:\WINDOWS\SYSTEM32\kernel.appcore.dll
0x00007ffb674a0000 - 0x00007ffb674aa000 	C:\Program Files\Java\jdk-21\bin\jimage.dll
0x00007ffb8b4f0000 - 0x00007ffb8b722000 	C:\WINDOWS\SYSTEM32\DBGHELP.DLL
0x00007ffb8da90000 - 0x00007ffb8de18000 	C:\WINDOWS\System32\combase.dll
0x00007ffb8e2b0000 - 0x00007ffb8e387000 	C:\WINDOWS\System32\OLEAUT32.dll
0x00007ffb8b390000 - 0x00007ffb8b3c2000 	C:\WINDOWS\SYSTEM32\dbgcore.DLL
0x00007ffb8c3e0000 - 0x00007ffb8c45b000 	C:\WINDOWS\System32\bcryptPrimitives.dll
0x00007ffb88560000 - 0x00007ffb8856f000 	C:\Program Files\Java\jdk-21\bin\instrument.dll
0x00007ffb67480000 - 0x00007ffb6749f000 	C:\Program Files\Java\jdk-21\bin\java.dll
0x00007ffb8ce80000 - 0x00007ffb8d6dc000 	C:\WINDOWS\System32\SHELL32.dll
0x00007ffb89400000 - 0x00007ffb89cf7000 	C:\WINDOWS\SYSTEM32\windows.storage.dll
0x00007ffb892c0000 - 0x00007ffb893ff000 	C:\WINDOWS\SYSTEM32\wintypes.dll
0x00007ffb8cac0000 - 0x00007ffb8cbb4000 	C:\WINDOWS\System32\SHCORE.dll
0x00007ffb8e390000 - 0x00007ffb8e3ee000 	C:\WINDOWS\System32\shlwapi.dll
0x00007ffb8bad0000 - 0x00007ffb8baf1000 	C:\WINDOWS\SYSTEM32\profapi.dll
0x00007ffb668f0000 - 0x00007ffb669c7000 	C:\Program Files\Java\jdk-21\bin\jsvml.dll
0x00007ffb67430000 - 0x00007ffb67448000 	C:\Program Files\Java\jdk-21\bin\zip.dll
0x00007ffb67470000 - 0x00007ffb67480000 	C:\Program Files\Java\jdk-21\bin\net.dll
0x00007ffb84ec0000 - 0x00007ffb84ff6000 	C:\WINDOWS\SYSTEM32\WINHTTP.dll
0x00007ffb8a980000 - 0x00007ffb8a9e9000 	C:\WINDOWS\system32\mswsock.dll
0x00007ffb67450000 - 0x00007ffb67466000 	C:\Program Files\Java\jdk-21\bin\nio.dll
0x00007ffb84980000 - 0x00007ffb84990000 	C:\Program Files\Java\jdk-21\bin\verify.dll
0x00007ffb70b10000 - 0x00007ffb70b27000 	C:\WINDOWS\system32\napinsp.dll
0x00007ffb70af0000 - 0x00007ffb70b0b000 	C:\WINDOWS\system32\pnrpnsp.dll
0x00007ffb89fd0000 - 0x00007ffb8a0c8000 	C:\WINDOWS\SYSTEM32\DNSAPI.dll
0x00007ffb89f60000 - 0x00007ffb89f8d000 	C:\WINDOWS\SYSTEM32\IPHLPAPI.DLL
0x00007ffb8da20000 - 0x00007ffb8da29000 	C:\WINDOWS\System32\NSI.dll
0x00007ffb6fa30000 - 0x00007ffb6fa41000 	C:\WINDOWS\System32\winrnr.dll
0x00007ffb6f5d0000 - 0x00007ffb6f5e5000 	C:\WINDOWS\system32\wshbth.dll
0x00007ffb6f5a0000 - 0x00007ffb6f5c7000 	C:\WINDOWS\system32\nlansp_c.dll
0x00007ffb84820000 - 0x00007ffb8482a000 	C:\Windows\System32\rasadhlp.dll
0x00007ffb81800000 - 0x00007ffb81883000 	C:\WINDOWS\System32\fwpuclnt.dll
0x00007ffb67410000 - 0x00007ffb67417000 	C:\Program Files\Java\jdk-21\bin\extnet.dll
0x00007ffb49dd0000 - 0x00007ffb49f5f000 	C:\Program Files\Java\jdk-21\bin\awt.dll
0x00007ffb885d0000 - 0x00007ffb88667000 	C:\WINDOWS\SYSTEM32\apphelp.dll
0x00007ffb88860000 - 0x00007ffb8890a000 	C:\WINDOWS\system32\uxtheme.dll
0x00007ffb8c6a0000 - 0x00007ffb8c7f3000 	C:\WINDOWS\System32\MSCTF.dll
0x00007ffb8e5b0000 - 0x00007ffb8e755000 	C:\WINDOWS\System32\ole32.dll
0x00007ffb88a90000 - 0x00007ffb88abb000 	C:\WINDOWS\system32\DWMAPI.DLL

dbghelp: loaded successfully - version: 4.0.5 - missing functions: none
symbol engine: initialized successfully - sym options: 0x614 - pdb path: .;C:\Program Files\Java\jdk-21\bin;C:\WINDOWS\SYSTEM32;C:\WINDOWS\WinSxS\amd64_microsoft.windows.common-controls_6595b64144ccf1df_6.0.22621.3672_none_2713b9d173822955;C:\Program Files\Java\jdk-21\bin\server

VM Arguments:
jvm_args: -javaagent:C:\Users\asus\eclipse\java-2023-12\eclipse\configuration\org.eclipse.osgi\481\0\.cp\jacocoagent.jar=includes=*,excludes=,exclclassloader=sun.reflect.DelegatingClassLoader,output=tcpclient,port=60255 -Dfile.encoding=UTF-8 -Dstdout.encoding=UTF-8 -Dstderr.encoding=UTF-8 -XX:+ShowCodeDetailsInExceptionMessages 
java_command: projectdad.customer
java_class_path (initial): C:\Users\asus\eclipse-workspace\projectdad\bin;D:\2 BITS SEM 3\BITP 3123 DISTRIBUTED APPLICATION DEVELOPMENT\Lab Distributed Application Development\apache-httpcomponents-httpclient.jar;D:\2 BITS SEM 3\BITP 3123 DISTRIBUTED APPLICATION DEVELOPMENT\Lab Distributed Application Development\apache-httpcomponents-httpcore.jar;D:\2 BITS SEM 3\BITP 3123 DISTRIBUTED APPLICATION DEVELOPMENT\Lab Distributed Application Development\commons-logging-1.2.jar;D:\2 BITS SEM 3\BITP 3123 DISTRIBUTED APPLICATION DEVELOPMENT\Lab Distributed Application Development\java-json.jar;D:\2 BITS SEM 3\BITP 3123 DISTRIBUTED APPLICATION DEVELOPMENT\Project\mysql-connector-j-8.4.0.jar
Launcher Type: SUN_STANDARD

[Global flags]
     intx CICompilerCount                          = 4                                         {product} {ergonomic}
     uint ConcGCThreads                            = 2                                         {product} {ergonomic}
     uint G1ConcRefinementThreads                  = 8                                         {product} {ergonomic}
   size_t G1HeapRegionSize                         = 1048576                                   {product} {ergonomic}
    uintx GCDrainStackTargetSize                   = 64                                        {product} {ergonomic}
   size_t InitialHeapSize                          = 65011712                                  {product} {ergonomic}
   size_t MarkStackSize                            = 4194304                                   {product} {ergonomic}
   size_t MaxHeapSize                              = 1023410176                                {product} {ergonomic}
   size_t MaxNewSize                               = 613416960                                 {product} {ergonomic}
   size_t MinHeapDeltaBytes                        = 1048576                                   {product} {ergonomic}
   size_t MinHeapSize                              = 8388608                                   {product} {ergonomic}
    uintx NonNMethodCodeHeapSize                   = 5839372                                {pd product} {ergonomic}
    uintx NonProfiledCodeHeapSize                  = 122909434                              {pd product} {ergonomic}
    uintx ProfiledCodeHeapSize                     = 122909434                              {pd product} {ergonomic}
    uintx ReservedCodeCacheSize                    = 251658240                              {pd product} {ergonomic}
     bool SegmentedCodeCache                       = true                                      {product} {ergonomic}
     bool ShowCodeDetailsInExceptionMessages       = true                                   {manageable} {command line}
   size_t SoftMaxHeapSize                          = 1023410176                             {manageable} {ergonomic}
     bool UseCompressedOops                        = true                           {product lp64_product} {ergonomic}
     bool UseG1GC                                  = true                                      {product} {ergonomic}
     bool UseLargePagesIndividualAllocation        = false                                  {pd product} {ergonomic}

Logging:
Log output configuration:
 #0: stdout all=warning uptime,level,tags foldmultilines=false
 #1: stderr all=off uptime,level,tags foldmultilines=false

Environment Variables:
PATH=C:\Program Files (x86)\VMware\VMware Workstation\bin\;C:\Program Files\Common Files\Oracle\Java\javapath;C:\Windows\system32;C:\Windows;C:\Windows\System32\Wbem;C:\Windows\System32\WindowsPowerShell\v1.0\;C:\Windows\System32\OpenSSH\;C:\Program Files (x86)\NVIDIA Corporation\PhysX\Common;C:\WINDOWS\system32;C:\WINDOWS;C:\WINDOWS\System32\Wbem;C:\WINDOWS\System32\WindowsPowerShell\v1.0\;C:\WINDOWS\System32\OpenSSH\;C:\Program Files\MATLAB\R2021b\bin;C:\Program Files\Git\cmd;D:\xampp\php;C:\ProgramData\ComposerSetup\bin;C:\Users\asus\AppData\Local\Microsoft\WindowsApps;C:\MinGW\bin;C:\Users\asus\AppData\Local\GitHubDesktop\bin;C:\Users\asus\AppData\Local\Programs\Microsoft VS Code\bin;C:\Program Files\Git\bin\git.exe;C:\Users\asus\AppData\Roaming\Composer\vendor\bin
USERNAME=asus
OS=Windows_NT
PROCESSOR_IDENTIFIER=Intel64 Family 6 Model 126 Stepping 5, GenuineIntel
TMP=C:\Users\asus\AppData\Local\Temp
TEMP=C:\Users\asus\AppData\Local\Temp




---------------  S Y S T E M  ---------------

OS:
 Windows 11 , 64 bit Build 22621 (10.0.22621.3672)
OS uptime: 4 days 0:35 hours

CPU: total 8 (initial active 8) (4 cores per cpu, 2 threads per core) family 6 model 126 stepping 5 microcode 0xa6, cx8, cmov, fxsr, ht, mmx, 3dnowpref, sse, sse2, sse3, ssse3, sse4.1, sse4.2, popcnt, lzcnt, tsc, tscinvbit, avx, avx2, aes, erms, clmul, bmi1, bmi2, adx, avx512f, avx512dq, avx512cd, avx512bw, avx512vl, sha, fma, vzeroupper, avx512_vpopcntdq, avx512_vpclmulqdq, avx512_vaes, avx512_vnni, clflush, clflushopt, avx512_vbmi2, avx512_vbmi, rdtscp, rdpid, fsrm, gfni, avx512_bitalg, f16c, pku, avx512_ifma
Processor Information for all 8 processors :
  Max Mhz: 1190, Current Mhz: 991, Mhz Limit: 987

Memory: 4k page, system-wide physical 3901M (139M free)
TotalPageFile size 15677M (AvailPageFile size 0M)
current process WorkingSet (physical memory assigned to process): 59M, peak: 59M
current process commit charge ("private bytes"): 151M, peak: 151M

vm_info: Java HotSpot(TM) 64-Bit Server VM (21+35-LTS-2513) for windows-amd64 JRE (21+35-LTS-2513), built on 2023-08-09T20:25:10Z by "mach5one" with MS VC++ 17.1 (VS2022)

END.
