#
# There is insufficient memory for the Java Runtime Environment to continue.
# Native memory allocation (mmap) failed to map 65011712 bytes for G1 virtual space
# Possible reasons:
#   The system is out of physical RAM or swap space
#   The process is running with CompressedOops enabled, and the Java Heap may be blocking the growth of the native heap
# Possible solutions:
#   Reduce memory load on the system
#   Increase physical memory or swap space
#   Check if swap backing store is full
#   Decrease Java heap size (-Xmx/-Xms)
#   Decrease number of Java threads
#   Decrease Java thread stack sizes (-Xss)
#   Set larger code cache with -XX:ReservedCodeCacheSize=
#   JVM is running with Unscaled Compressed Oops mode in which the Java heap is
#     placed in the first 4GB address space. The Java Heap base address is the
#     maximum limit for the native heap growth. Please use -XX:HeapBaseMinAddress
#     to set the Java Heap base and to place the Java Heap above 4GB virtual address.
# This output file may be truncated or incomplete.
#
#  Out of Memory Error (os_windows.cpp:3600), pid=7088, tid=6336
#
# JRE version:  (21.0+35) (build )
# Java VM: Java HotSpot(TM) 64-Bit Server VM (21+35-LTS-2513, mixed mode, sharing, tiered, compressed oops, compressed class ptrs, g1 gc, windows-amd64)
# No core dump will be written. Minidumps are not enabled by default on client versions of Windows
#

---------------  S U M M A R Y ------------

Command Line: -Dfile.encoding=UTF-8 -Dstdout.encoding=UTF-8 -Dstderr.encoding=UTF-8 -XX:+ShowCodeDetailsInExceptionMessages projectdad.customer

Host: Intel(R) Core(TM) i5-1035G1 CPU @ 1.00GHz, 8 cores, 3G,  Windows 11 , 64 bit Build 22621 (10.0.22621.3672)
Time: Wed Jun 26 23:00:59 2024 Malay Peninsula Standard Time elapsed time: 0.023087 seconds (0d 0h 0m 0s)

---------------  T H R E A D  ---------------

Current thread (0x000001f394daa550):  JavaThread "Unknown thread" [_thread_in_vm, id=6336, stack(0x000000a41c800000,0x000000a41c900000) (1024K)]

Stack: [0x000000a41c800000,0x000000a41c900000]
Native frames: (J=compiled Java code, j=interpreted, Vv=VM code, C=native code)
V  [jvm.dll+0x6c8d39]
V  [jvm.dll+0x854091]
V  [jvm.dll+0x85630e]
V  [jvm.dll+0x8569e3]
V  [jvm.dll+0x2809a6]
V  [jvm.dll+0x6c5425]
V  [jvm.dll+0x6b9e1a]
V  [jvm.dll+0x3555ba]
V  [jvm.dll+0x35d206]
V  [jvm.dll+0x3adf6e]
V  [jvm.dll+0x3ae218]
V  [jvm.dll+0x328fcc]
V  [jvm.dll+0x329b5b]
V  [jvm.dll+0x81c699]
V  [jvm.dll+0x3bb2a1]
V  [jvm.dll+0x805688]
V  [jvm.dll+0x44ed9e]
V  [jvm.dll+0x4506a1]
C  [jli.dll+0x52a3]
C  [ucrtbase.dll+0x29333]
C  [KERNEL32.DLL+0x1257d]
C  [ntdll.dll+0x5af28]


---------------  P R O C E S S  ---------------

Threads class SMR info:
_java_thread_list=0x00007ffad2347b48, length=0, elements={
}

Java Threads: ( => current thread )
Total: 0

Other Threads:
  0x000001f39703d190 WorkerThread "GC Thread#0"                     [id=18208, stack(0x000000a41c900000,0x000000a41ca00000) (1024K)]
  0x000001f3970464c0 ConcurrentGCThread "G1 Main Marker"            [id=2672, stack(0x000000a41ca00000,0x000000a41cb00000) (1024K)]
  0x000001f3970477e0 WorkerThread "G1 Conc#0"                       [id=12728, stack(0x000000a41cb00000,0x000000a41cc00000) (1024K)]

[error occurred during error reporting (printing all threads), id 0xc0000005, EXCEPTION_ACCESS_VIOLATION (0xc0000005) at pc=0x00007ffad1abc097]
VM state: not at safepoint (not fully initialized)

VM Mutex/Monitor currently owned by a thread:  ([mutex/lock_event])
[0x00007ffad23b8648] Heap_lock - owner thread: 0x000001f394daa550

Heap address: 0x00000000c3000000, size: 976 MB, Compressed Oops mode: 32-bit

CDS archive(s) mapped at: [0x0000000000000000-0x0000000000000000-0x0000000000000000), size 0, SharedBaseAddress: 0x0000000800000000, ArchiveRelocationMode: 1.
Narrow klass base: 0x0000000000000000, Narrow klass shift: 0, Narrow klass range: 0x0

GC Precious Log:
 CardTable entry size: 512
 Card Set container configuration: InlinePtr #cards 5 size 8 Array Of Cards #cards 12 size 40 Howl #buckets 4 coarsen threshold 1843 Howl Bitmap #cards 512 size 80 coarsen threshold 460 Card regions per heap region 1 cards per card region 2048

Heap:
 garbage-first heap   total 0K, used 0K [0x00000000c3000000, 0x0000000100000000)
  region size 1024K, 0 young (0K), 0 survivors (0K)

[error occurred during error reporting (printing heap information), id 0xc0000005, EXCEPTION_ACCESS_VIOLATION (0xc0000005) at pc=0x00007ffad1ea1939]
GC Heap History (0 events):
No events

Dll operation events (1 events):
Event: 0.015 Loaded shared library C:\Program Files\Java\jdk-21\bin\java.dll

Deoptimization events (0 events):
No events

Classes loaded (0 events):
No events

Classes unloaded (0 events):
No events

Classes redefined (0 events):
No events

Internal exceptions (0 events):
No events

ZGC Phase Switch (0 events):
No events

VM Operations (0 events):
No events

Events (0 events):
No events


Dynamic libraries:
0x00007ff62f360000 - 0x00007ff62f370000 	C:\Program Files\Java\jdk-21\bin\javaw.exe
0x00007ffb8e870000 - 0x00007ffb8ea87000 	C:\WINDOWS\SYSTEM32\ntdll.dll
0x00007ffb8d880000 - 0x00007ffb8d944000 	C:\WINDOWS\System32\KERNEL32.DLL
0x00007ffb8c030000 - 0x00007ffb8c3dc000 	C:\WINDOWS\System32\KERNELBASE.dll
0x00007ffb8bba0000 - 0x00007ffb8bcb1000 	C:\WINDOWS\System32\ucrtbase.dll
0x00007ffb67570000 - 0x00007ffb6758b000 	C:\Program Files\Java\jdk-21\bin\VCRUNTIME140.dll
0x00007ffb67550000 - 0x00007ffb67569000 	C:\Program Files\Java\jdk-21\bin\jli.dll
0x00007ffb8c5b0000 - 0x00007ffb8c662000 	C:\WINDOWS\System32\ADVAPI32.dll
0x00007ffb8d950000 - 0x00007ffb8d9f7000 	C:\WINDOWS\System32\msvcrt.dll
0x00007ffb8cc00000 - 0x00007ffb8ccaa000 	C:\WINDOWS\System32\sechost.dll
0x00007ffb8bcc0000 - 0x00007ffb8bce8000 	C:\WINDOWS\System32\bcrypt.dll
0x00007ffb8d6e0000 - 0x00007ffb8d7f5000 	C:\WINDOWS\System32\RPCRT4.dll
0x00007ffb8c910000 - 0x00007ffb8cabe000 	C:\WINDOWS\System32\USER32.dll
0x00007ffb8c460000 - 0x00007ffb8c486000 	C:\WINDOWS\System32\win32u.dll
0x00007ffb8ae00000 - 0x00007ffb8b093000 	C:\WINDOWS\WinSxS\amd64_microsoft.windows.common-controls_6595b64144ccf1df_6.0.22621.3672_none_2713b9d173822955\COMCTL32.dll
0x00007ffb8c670000 - 0x00007ffb8c699000 	C:\WINDOWS\System32\GDI32.dll
0x00007ffb8c490000 - 0x00007ffb8c5a9000 	C:\WINDOWS\System32\gdi32full.dll
0x00007ffb8bcf0000 - 0x00007ffb8bd8a000 	C:\WINDOWS\System32\msvcp_win.dll
0x00007ffb85250000 - 0x00007ffb8525a000 	C:\WINDOWS\SYSTEM32\VERSION.dll
0x00007ffb8cbc0000 - 0x00007ffb8cbf1000 	C:\WINDOWS\System32\IMM32.DLL
0x00007ffb67540000 - 0x00007ffb6754c000 	C:\Program Files\Java\jdk-21\bin\vcruntime140_1.dll
0x00007ffb674b0000 - 0x00007ffb6753e000 	C:\Program Files\Java\jdk-21\bin\msvcp140.dll
0x00007ffad1780000 - 0x00007ffad2493000 	C:\Program Files\Java\jdk-21\bin\server\jvm.dll
0x00007ffb8d800000 - 0x00007ffb8d871000 	C:\WINDOWS\System32\WS2_32.dll
0x00007ffb8b4a0000 - 0x00007ffb8b4ed000 	C:\WINDOWS\SYSTEM32\POWRPROF.dll
0x00007ffb84080000 - 0x00007ffb840b4000 	C:\WINDOWS\SYSTEM32\WINMM.dll
0x00007ffb8b190000 - 0x00007ffb8b1a3000 	C:\WINDOWS\SYSTEM32\UMPDC.dll
0x00007ffb8a560000 - 0x00007ffb8a578000 	C:\WINDOWS\SYSTEM32\kernel.appcore.dll
0x00007ffb674a0000 - 0x00007ffb674aa000 	C:\Program Files\Java\jdk-21\bin\jimage.dll
0x00007ffb8b4f0000 - 0x00007ffb8b722000 	C:\WINDOWS\SYSTEM32\DBGHELP.DLL
0x00007ffb8da90000 - 0x00007ffb8de18000 	C:\WINDOWS\System32\combase.dll
0x00007ffb8e2b0000 - 0x00007ffb8e387000 	C:\WINDOWS\System32\OLEAUT32.dll
0x00007ffb8b390000 - 0x00007ffb8b3c2000 	C:\WINDOWS\SYSTEM32\dbgcore.DLL
0x00007ffb8c3e0000 - 0x00007ffb8c45b000 	C:\WINDOWS\System32\bcryptPrimitives.dll
0x00007ffb67480000 - 0x00007ffb6749f000 	C:\Program Files\Java\jdk-21\bin\java.dll

dbghelp: loaded successfully - version: 4.0.5 - missing functions: none
symbol engine: initialized successfully - sym options: 0x614 - pdb path: .;C:\Program Files\Java\jdk-21\bin;C:\WINDOWS\SYSTEM32;C:\WINDOWS\WinSxS\amd64_microsoft.windows.common-controls_6595b64144ccf1df_6.0.22621.3672_none_2713b9d173822955;C:\Program Files\Java\jdk-21\bin\server

VM Arguments:
jvm_args: -Dfile.encoding=UTF-8 -Dstdout.encoding=UTF-8 -Dstderr.encoding=UTF-8 -XX:+ShowCodeDetailsInExceptionMessages 
java_command: projectdad.customer
java_class_path (initial): C:\Users\asus\eclipse-workspace\projectdad\bin;D:\2 BITS SEM 3\BITP 3123 DISTRIBUTED APPLICATION DEVELOPMENT\Lab Distributed Application Development\apache-httpcomponents-httpclient.jar;D:\2 BITS SEM 3\BITP 3123 DISTRIBUTED APPLICATION DEVELOPMENT\Lab Distributed Application Development\apache-httpcomponents-httpcore.jar;D:\2 BITS SEM 3\BITP 3123 DISTRIBUTED APPLICATION DEVELOPMENT\Lab Distributed Application Development\commons-logging-1.2.jar;D:\2 BITS SEM 3\BITP 3123 DISTRIBUTED APPLICATION DEVELOPMENT\Lab Distributed Application Development\java-json.jar;D:\2 BITS SEM 3\BITP 3123 DISTRIBUTED APPLICATION DEVELOPMENT\Project\mysql-connector-j-8.4.0.jar
Launcher Type: SUN_STANDARD

[Global flags]
     intx CICompilerCount                          = 4                                         {product} {ergonomic}
     uint ConcGCThreads                            = 2                                         {product} {ergonomic}
     uint G1ConcRefinementThreads                  = 8                                         {product} {ergonomic}
   size_t G1HeapRegionSize                         = 1048576                                   {product} {ergonomic}
    uintx GCDrainStackTargetSize                   = 64                                        {product} {ergonomic}
   size_t InitialHeapSize                          = 65011712                                  {product} {ergonomic}
   size_t MarkStackSize                            = 4194304                                   {product} {ergonomic}
   size_t MaxHeapSize                              = 1023410176                                {product} {ergonomic}
   size_t MinHeapDeltaBytes                        = 1048576                                   {product} {ergonomic}
   size_t MinHeapSize                              = 8388608                                   {product} {ergonomic}
    uintx NonNMethodCodeHeapSize                   = 5839372                                {pd product} {ergonomic}
    uintx NonProfiledCodeHeapSize                  = 122909434                              {pd product} {ergonomic}
    uintx ProfiledCodeHeapSize                     = 122909434                              {pd product} {ergonomic}
    uintx ReservedCodeCacheSize                    = 251658240                              {pd product} {ergonomic}
     bool SegmentedCodeCache                       = true                                      {product} {ergonomic}
     bool ShowCodeDetailsInExceptionMessages       = true                                   {manageable} {command line}
   size_t SoftMaxHeapSize                          = 1023410176                             {manageable} {ergonomic}
     bool UseCompressedOops                        = true                           {product lp64_product} {ergonomic}
     bool UseG1GC                                  = true                                      {product} {ergonomic}
     bool UseLargePagesIndividualAllocation        = false                                  {pd product} {ergonomic}

Logging:
Log output configuration:
 #0: stdout all=warning uptime,level,tags foldmultilines=false
 #1: stderr all=off uptime,level,tags foldmultilines=false

Environment Variables:
PATH=C:\Program Files (x86)\VMware\VMware Workstation\bin\;C:\Program Files\Common Files\Oracle\Java\javapath;C:\Windows\system32;C:\Windows;C:\Windows\System32\Wbem;C:\Windows\System32\WindowsPowerShell\v1.0\;C:\Windows\System32\OpenSSH\;C:\Program Files (x86)\NVIDIA Corporation\PhysX\Common;C:\WINDOWS\system32;C:\WINDOWS;C:\WINDOWS\System32\Wbem;C:\WINDOWS\System32\WindowsPowerShell\v1.0\;C:\WINDOWS\System32\OpenSSH\;C:\Program Files\MATLAB\R2021b\bin;C:\Program Files\Git\cmd;D:\xampp\php;C:\ProgramData\ComposerSetup\bin;C:\Users\asus\AppData\Local\Microsoft\WindowsApps;C:\MinGW\bin;C:\Users\asus\AppData\Local\GitHubDesktop\bin;C:\Users\asus\AppData\Local\Programs\Microsoft VS Code\bin;C:\Program Files\Git\bin\git.exe;C:\Users\asus\AppData\Roaming\Composer\vendor\bin
USERNAME=asus
OS=Windows_NT
PROCESSOR_IDENTIFIER=Intel64 Family 6 Model 126 Stepping 5, GenuineIntel
TMP=C:\Users\asus\AppData\Local\Temp
TEMP=C:\Users\asus\AppData\Local\Temp




---------------  S Y S T E M  ---------------

OS:
 Windows 11 , 64 bit Build 22621 (10.0.22621.3672)
OS uptime: 4 days 22:23 hours

CPU: total 8 (initial active 8) (4 cores per cpu, 2 threads per core) family 6 model 126 stepping 5 microcode 0xa6, cx8, cmov, fxsr, ht, mmx, 3dnowpref, sse, sse2, sse3, ssse3, sse4.1, sse4.2, popcnt, lzcnt, tsc, tscinvbit, avx, avx2, aes, erms, clmul, bmi1, bmi2, adx, avx512f, avx512dq, avx512cd, avx512bw, avx512vl, sha, fma, vzeroupper, avx512_vpopcntdq, avx512_vpclmulqdq, avx512_vaes, avx512_vnni, clflush, clflushopt, avx512_vbmi2, avx512_vbmi, rdtscp, rdpid, fsrm, gfni, avx512_bitalg, f16c, pku, avx512_ifma
Processor Information for all 8 processors :
  Max Mhz: 1190, Current Mhz: 991, Mhz Limit: 987

Memory: 4k page, system-wide physical 3901M (258M free)
TotalPageFile size 15677M (AvailPageFile size 27M)
current process WorkingSet (physical memory assigned to process): 11M, peak: 11M
current process commit charge ("private bytes"): 60M, peak: 121M

vm_info: Java HotSpot(TM) 64-Bit Server VM (21+35-LTS-2513) for windows-amd64 JRE (21+35-LTS-2513), built on 2023-08-09T20:25:10Z by "mach5one" with MS VC++ 17.1 (VS2022)

END.
